<?xml version="1.0" encoding="UTF-8"?>
<testng-results skipped="0" failed="0" ignored="0" total="2" passed="2">
  <reporter-output>
  </reporter-output>
  <suite name="Surefire suite" duration-ms="24714" started-at="2021-02-15T02:00:01Z" finished-at="2021-02-15T02:00:25Z">
    <groups>
    </groups>
    <test name="Surefire test" duration-ms="24714" started-at="2021-02-15T02:00:01Z" finished-at="2021-02-15T02:00:25Z">
      <class name="Test.LoginTest">
        <test-method status="PASS" signature="beforeMethod()[pri:0, instance:Test.LoginTest@71b1176b]" name="beforeMethod" is-config="true" duration-ms="6910" started-at="2021-02-15T02:00:01Z" finished-at="2021-02-15T02:00:08Z">
          <reporter-output>
          </reporter-output>
        </test-method> <!-- beforeMethod -->
        <test-method status="PASS" signature="loginwithWronPasswordTest()[pri:1, instance:Test.LoginTest@71b1176b]" name="loginwithWronPasswordTest" duration-ms="6793" started-at="2021-02-15T02:00:08Z" finished-at="2021-02-15T02:00:14Z">
          <reporter-output>
          </reporter-output>
        </test-method> <!-- loginwithWronPasswordTest -->
        <test-method status="PASS" signature="afterMethod()[pri:0, instance:Test.LoginTest@71b1176b]" name="afterMethod" is-config="true" duration-ms="666" started-at="2021-02-15T02:00:14Z" finished-at="2021-02-15T02:00:15Z">
          <reporter-output>
          </reporter-output>
        </test-method> <!-- afterMethod -->
        <test-method status="PASS" signature="beforeMethod()[pri:0, instance:Test.LoginTest@71b1176b]" name="beforeMethod" is-config="true" duration-ms="6471" started-at="2021-02-15T02:00:15Z" finished-at="2021-02-15T02:00:22Z">
          <reporter-output>
          </reporter-output>
        </test-method> <!-- beforeMethod -->
        <test-method status="PASS" signature="loginwithWronEmailTest()[pri:2, instance:Test.LoginTest@71b1176b]" name="loginwithWronEmailTest" duration-ms="3302" started-at="2021-02-15T02:00:22Z" finished-at="2021-02-15T02:00:25Z">
          <reporter-output>
          </reporter-output>
        </test-method> <!-- loginwithWronEmailTest -->
        <test-method status="PASS" signature="afterMethod()[pri:0, instance:Test.LoginTest@71b1176b]" name="afterMethod" is-config="true" duration-ms="558" started-at="2021-02-15T02:00:25Z" finished-at="2021-02-15T02:00:25Z">
          <reporter-output>
          </reporter-output>
        </test-method> <!-- afterMethod -->
      </class> <!-- Test.LoginTest -->
    </test> <!-- Surefire test -->
  </suite> <!-- Surefire suite -->
</testng-results>
