<?xml version="1.0" encoding="UTF-8"?>
<testng-results skipped="0" failed="0" ignored="0" total="2" passed="2">
  <reporter-output>
  </reporter-output>
  <suite name="Surefire suite" duration-ms="23648" started-at="2021-02-15T23:37:13Z" finished-at="2021-02-15T23:37:37Z">
    <groups>
    </groups>
    <test name="Surefire test" duration-ms="23648" started-at="2021-02-15T23:37:13Z" finished-at="2021-02-15T23:37:37Z">
      <class name="Test.LoginTest">
        <test-method status="PASS" signature="beforeMethod()[pri:0, instance:Test.LoginTest@71b1176b]" name="beforeMethod" is-config="true" duration-ms="6429" started-at="2021-02-15T23:37:13Z" finished-at="2021-02-15T23:37:20Z">
          <reporter-output>
          </reporter-output>
        </test-method> <!-- beforeMethod -->
        <test-method status="PASS" signature="loginwithWronPasswordTest()[pri:1, instance:Test.LoginTest@71b1176b]" name="loginwithWronPasswordTest" duration-ms="6801" started-at="2021-02-15T23:37:20Z" finished-at="2021-02-15T23:37:26Z">
          <reporter-output>
          </reporter-output>
        </test-method> <!-- loginwithWronPasswordTest -->
        <test-method status="PASS" signature="afterMethod()[pri:0, instance:Test.LoginTest@71b1176b]" name="afterMethod" is-config="true" duration-ms="754" started-at="2021-02-15T23:37:26Z" finished-at="2021-02-15T23:37:27Z">
          <reporter-output>
          </reporter-output>
        </test-method> <!-- afterMethod -->
        <test-method status="PASS" signature="beforeMethod()[pri:0, instance:Test.LoginTest@71b1176b]" name="beforeMethod" is-config="true" duration-ms="5583" started-at="2021-02-15T23:37:27Z" finished-at="2021-02-15T23:37:33Z">
          <reporter-output>
          </reporter-output>
        </test-method> <!-- beforeMethod -->
        <test-method status="PASS" signature="loginwithWronEmailTest()[pri:2, instance:Test.LoginTest@71b1176b]" name="loginwithWronEmailTest" duration-ms="3334" started-at="2021-02-15T23:37:33Z" finished-at="2021-02-15T23:37:36Z">
          <reporter-output>
          </reporter-output>
        </test-method> <!-- loginwithWronEmailTest -->
        <test-method status="PASS" signature="afterMethod()[pri:0, instance:Test.LoginTest@71b1176b]" name="afterMethod" is-config="true" duration-ms="732" started-at="2021-02-15T23:37:36Z" finished-at="2021-02-15T23:37:37Z">
          <reporter-output>
          </reporter-output>
        </test-method> <!-- afterMethod -->
      </class> <!-- Test.LoginTest -->
    </test> <!-- Surefire test -->
  </suite> <!-- Surefire suite -->
</testng-results>
